# JRE version: Java(TM) SE Runtime Environment (7.0_79-b15) (build 1.7.0_79-b15)
# Java VM: Java HotSpot(TM) 64-Bit Server VM (24.79-b02 mixed mode windows-amd64 compressed oops)
Heap
 PSYoungGen      total 321024K, used 86677K [0x00000000eaa80000, 0x00000000ffc80000, 0x0000000100000000)
  eden space 301056K, 28% used [0x00000000eaa80000,0x00000000eff25630,0x00000000fd080000)
  from space 19968K, 0% used [0x00000000fe900000,0x00000000fe900000,0x00000000ffc80000)
  to   space 22528K, 0% used [0x00000000fd080000,0x00000000fd080000,0x00000000fe680000)
 ParOldGen       total 97792K, used 53454K [0x00000000c0000000, 0x00000000c5f80000, 0x00000000eaa80000)
  object space 97792K, 54% used [0x00000000c0000000,0x00000000c34338b0,0x00000000c5f80000)
 PSPermGen       total 101888K, used 51458K [0x00000000b0000000, 0x00000000b6380000, 0x00000000c0000000)
  object space 101888K, 50% used [0x00000000b0000000,0x00000000b3240b68,0x00000000b6380000)
GC Heap History (10 events):
Event: 23.631 GC heap before
{Heap before GC invocations=11 (full 0):
 PSYoungGen      total 314368K, used 117040K [0x00000000eaa80000, 0x0000000100000000, 0x0000000100000000)
  eden space 299520K, 34% used [0x00000000eaa80000,0x00000000f0e53050,0x00000000fcf00000)
  from space 14848K, 99% used [0x00000000fec80000,0x00000000ffaf92c0,0x00000000ffb00000)
  to   space 25088K, 0% used [0x00000000fcf00000,0x00000000fcf00000,0x00000000fe780000)
 ParOldGen       total 65536K, used 43348K [0x00000000c0000000, 0x00000000c4000000, 0x00000000eaa80000)
  object space 65536K, 66% used [0x00000000c0000000,0x00000000c2a55338,0x00000000c4000000)
 PSPermGen       total 43008K, used 42694K [0x00000000b0000000, 0x00000000b2a00000, 0x00000000c0000000)
  object space 43008K, 99% used [0x00000000b0000000,0x00000000b29b1960,0x00000000b2a00000)
Event: 23.692 GC heap after
Heap after GC invocations=11 (full 0):
 PSYoungGen      total 324608K, used 9755K [0x00000000eaa80000, 0x0000000100000000, 0x0000000100000000)
  eden space 299520K, 0% used [0x00000000eaa80000,0x00000000eaa80000,0x00000000fcf00000)
  from space 25088K, 38% used [0x00000000fcf00000,0x00000000fd886f38,0x00000000fe780000)
  to   space 23552K, 0% used [0x00000000fe900000,0x00000000fe900000,0x0000000100000000)
 ParOldGen       total 65536K, used 57236K [0x00000000c0000000, 0x00000000c4000000, 0x00000000eaa80000)
  object space 65536K, 87% used [0x00000000c0000000,0x00000000c37e5348,0x00000000c4000000)
 PSPermGen       total 43008K, used 42694K [0x00000000b0000000, 0x00000000b2a00000, 0x00000000c0000000)
  object space 43008K, 99% used [0x00000000b0000000,0x00000000b29b1960,0x00000000b2a00000)
}
Event: 23.692 GC heap before
{Heap before GC invocations=12 (full 1):
 PSYoungGen      total 324608K, used 9755K [0x00000000eaa80000, 0x0000000100000000, 0x0000000100000000)
  eden space 299520K, 0% used [0x00000000eaa80000,0x00000000eaa80000,0x00000000fcf00000)
  from space 25088K, 38% used [0x00000000fcf00000,0x00000000fd886f38,0x00000000fe780000)
  to   space 23552K, 0% used [0x00000000fe900000,0x00000000fe900000,0x0000000100000000)
 ParOldGen       total 65536K, used 57236K [0x00000000c0000000, 0x00000000c4000000, 0x00000000eaa80000)
  object space 65536K, 87% used [0x00000000c0000000,0x00000000c37e5348,0x00000000c4000000)
 PSPermGen       total 43008K, used 42694K [0x00000000b0000000, 0x00000000b2a00000, 0x00000000c0000000)
  object space 43008K, 99% used [0x00000000b0000000,0x00000000b29b1960,0x00000000b2a00000)
Event: 24.269 GC heap after
Heap after GC invocations=12 (full 1):
 PSYoungGen      total 324608K, used 0K [0x00000000eaa80000, 0x0000000100000000, 0x0000000100000000)
  eden space 299520K, 0% used [0x00000000eaa80000,0x00000000eaa80000,0x00000000fcf00000)
  from space 25088K, 0% used [0x00000000fcf00000,0x00000000fcf00000,0x00000000fe780000)
  to   space 23552K, 0% used [0x00000000fe900000,0x00000000fe900000,0x0000000100000000)
 ParOldGen       total 65536K, used 54321K [0x00000000c0000000, 0x00000000c4000000, 0x00000000eaa80000)
  object space 65536K, 82% used [0x00000000c0000000,0x00000000c350c408,0x00000000c4000000)
 PSPermGen       total 85504K, used 42634K [0x00000000b0000000, 0x00000000b5380000, 0x00000000c0000000)
  object space 85504K, 49% used [0x00000000b0000000,0x00000000b29a2b58,0x00000000b5380000)
}
Event: 402.264 GC heap before
{Heap before GC invocations=13 (full 2):
 PSYoungGen      total 324608K, used 299520K [0x00000000eaa80000, 0x0000000100000000, 0x0000000100000000)
  eden space 299520K, 100% used [0x00000000eaa80000,0x00000000fcf00000,0x00000000fcf00000)
  from space 25088K, 0% used [0x00000000fcf00000,0x00000000fcf00000,0x00000000fe780000)
  to   space 23552K, 0% used [0x00000000fe900000,0x00000000fe900000,0x0000000100000000)
 ParOldGen       total 65536K, used 54321K [0x00000000c0000000, 0x00000000c4000000, 0x00000000eaa80000)
  object space 65536K, 82% used [0x00000000c0000000,0x00000000c350c408,0x00000000c4000000)
 PSPermGen       total 85504K, used 49129K [0x00000000b0000000, 0x00000000b5380000, 0x00000000c0000000)
  object space 85504K, 57% used [0x00000000b0000000,0x00000000b2ffa658,0x00000000b5380000)
Event: 403.089 GC heap after
Heap after GC invocations=13 (full 2):
 PSYoungGen      total 324608K, used 0K [0x00000000eaa80000, 0x0000000100000000, 0x0000000100000000)
  eden space 299520K, 0% used [0x00000000eaa80000,0x00000000eaa80000,0x00000000fcf00000)
  from space 25088K, 0% used [0x00000000fcf00000,0x00000000fcf00000,0x00000000fe780000)
  to   space 23552K, 0% used [0x00000000fe900000,0x00000000fe900000,0x0000000100000000)
 ParOldGen       total 97792K, used 53586K [0x00000000c0000000, 0x00000000c5f80000, 0x00000000eaa80000)
  object space 97792K, 54% used [0x00000000c0000000,0x00000000c3454b80,0x00000000c5f80000)
 PSPermGen       total 100864K, used 48944K [0x00000000b0000000, 0x00000000b6280000, 0x00000000c0000000)
  object space 100864K, 48% used [0x00000000b0000000,0x00000000b2fcc0a8,0x00000000b6280000)
}
Event: 416.090 GC heap before
{Heap before GC invocations=14 (full 2):
 PSYoungGen      total 324608K, used 100390K [0x00000000eaa80000, 0x0000000100000000, 0x0000000100000000)
  eden space 299520K, 33% used [0x00000000eaa80000,0x00000000f0c89868,0x00000000fcf00000)
  from space 25088K, 0% used [0x00000000fcf00000,0x00000000fcf00000,0x00000000fe780000)
  to   space 23552K, 0% used [0x00000000fe900000,0x00000000fe900000,0x0000000100000000)
 ParOldGen       total 97792K, used 53586K [0x00000000c0000000, 0x00000000c5f80000, 0x00000000eaa80000)
  object space 97792K, 54% used [0x00000000c0000000,0x00000000c3454b80,0x00000000c5f80000)
 PSPermGen       total 100864K, used 51208K [0x00000000b0000000, 0x00000000b6280000, 0x00000000c0000000)
  object space 100864K, 50% used [0x00000000b0000000,0x00000000b3202260,0x00000000b6280000)
Event: 416.112 GC heap after
Heap after GC invocations=14 (full 2):
 PSYoungGen      total 321024K, used 5706K [0x00000000eaa80000, 0x00000000ffc80000, 0x0000000100000000)
  eden space 301056K, 0% used [0x00000000eaa80000,0x00000000eaa80000,0x00000000fd080000)
  from space 19968K, 28% used [0x00000000fe900000,0x00000000fee929b0,0x00000000ffc80000)
  to   space 22528K, 0% used [0x00000000fd080000,0x00000000fd080000,0x00000000fe680000)
 ParOldGen       total 97792K, used 53586K [0x00000000c0000000, 0x00000000c5f80000, 0x00000000eaa80000)
  object space 97792K, 54% used [0x00000000c0000000,0x00000000c3454b80,0x00000000c5f80000)
 PSPermGen       total 100864K, used 51208K [0x00000000b0000000, 0x00000000b6280000, 0x00000000c0000000)
  object space 100864K, 50% used [0x00000000b0000000,0x00000000b3202260,0x00000000b6280000)
}
Event: 416.112 GC heap before
{Heap before GC invocations=15 (full 3):
 PSYoungGen      total 321024K, used 5706K [0x00000000eaa80000, 0x00000000ffc80000, 0x0000000100000000)
  eden space 301056K, 0% used [0x00000000eaa80000,0x00000000eaa80000,0x00000000fd080000)
  from space 19968K, 28% used [0x00000000fe900000,0x00000000fee929b0,0x00000000ffc80000)
  to   space 22528K, 0% used [0x00000000fd080000,0x00000000fd080000,0x00000000fe680000)
 ParOldGen       total 97792K, used 53586K [0x00000000c0000000, 0x00000000c5f80000, 0x00000000eaa80000)
  object space 97792K, 54% used [0x00000000c0000000,0x00000000c3454b80,0x00000000c5f80000)
 PSPermGen       total 100864K, used 51208K [0x00000000b0000000, 0x00000000b6280000, 0x00000000c0000000)
  object space 100864K, 50% used [0x00000000b0000000,0x00000000b3202260,0x00000000b6280000)
Event: 416.843 GC heap after
Heap after GC invocations=15 (full 3):
 PSYoungGen      total 321024K, used 0K [0x00000000eaa80000, 0x00000000ffc80000, 0x0000000100000000)
  eden space 301056K, 0% used [0x00000000eaa80000,0x00000000eaa80000,0x00000000fd080000)
  from space 19968K, 0% used [0x00000000fe900000,0x00000000fe900000,0x00000000ffc80000)
  to   space 22528K, 0% used [0x00000000fd080000,0x00000000fd080000,0x00000000fe680000)
 ParOldGen       total 97792K, used 53454K [0x00000000c0000000, 0x00000000c5f80000, 0x00000000eaa80000)
  object space 97792K, 54% used [0x00000000c0000000,0x00000000c34338b0,0x00000000c5f80000)
 PSPermGen       total 101888K, used 51205K [0x00000000b0000000, 0x00000000b6380000, 0x00000000c0000000)
  object space 101888K, 50% used [0x00000000b0000000,0x00000000b3201578,0x00000000b6380000)
}

